<?xml version="1.0" encoding="UTF-8"?>
<testsuite name="GameTest" tests="4" skipped="0" failures="0" errors="0" timestamp="2018-10-13T17:43:50" hostname="Harrys-MBP-3.home.gateway" time="0.002">
  <properties/>
  <testcase name="allOnes" classname="GameTest" time="0.001"/>
  <testcase name="gutterGame" classname="GameTest" time="0.0"/>
  <testcase name="oneStrike" classname="GameTest" time="0.0"/>
  <testcase name="oneSpare" classname="GameTest" time="0.0"/>
  <system-out><![CDATA[]]></system-out>
  <system-err><![CDATA[]]></system-err>
</testsuite>
