<?xml version="1.0" encoding="UTF-8"?>
<testsuite name="GameTest" tests="1" skipped="0" failures="0" errors="0" timestamp="2018-10-13T13:54:35" hostname="Harrys-MBP-3.home.gateway" time="0.001">
  <properties/>
  <testcase name="gutterGameThrowsException" classname="GameTest" time="0.001"/>
  <system-out><![CDATA[]]></system-out>
  <system-err><![CDATA[]]></system-err>
</testsuite>
